Info 0    [20:17:02.328] Starting TS Server
Info 1    [20:17:02.329] Version: 4.5.5
Info 2    [20:17:02.329] Arguments: /home/mavbozo/.nvm/versions/node/v17.4.0/bin/node /home/mavbozo/dotfiles/.emacs.d/var/lsp/server/npm/typescript/lib/node_modules/typescript/lib/tsserver.js --logFile /home/mavbozo/yolo/zen-progen/contech/react-fun-ref/.log/tsserver.log --logVerbosity info --cancellationPipeName /tmp/f09a14c81abf0ec00882e4f2cf42cf0b/tscancellation*
Info 3    [20:17:02.330] Platform: linux NodeVersion: 17 CaseSensitive: true
Info 4    [20:17:02.330] ServerMode: undefined syntaxOnly: false hasUnknownServerMode: undefined
Info 5    [20:17:02.390] Format host information updated
Info 6    [20:17:02.424] Search path: /home/mavbozo/yolo/zen-progen/contech/react-fun-ref
Info 7    [20:17:02.427] For info: /home/mavbozo/yolo/zen-progen/contech/react-fun-ref/package.json :: No config files found.
Info 8    [20:17:02.453] Starting updateGraphWorker: Project: /dev/null/inferredProject1*
Info 9    [20:17:04.085] Finishing updateGraphWorker: Project: /dev/null/inferredProject1* Version: 1 structureChanged: true structureIsReused:: Not Elapsed: 1631.78900000453ms
Info 10   [20:17:04.086] Project '/dev/null/inferredProject1*' (Inferred)
Info 11   [20:17:04.086] 	Files (19)

Info 12   [20:17:04.086] -----------------------------------------------
Info 13   [20:17:21.707] DirectoryWatcher:: Triggered with /home/mavbozo/yolo/zen-progen/contech/react-fun-ref/node_modules/@types :: WatchInfo: /home/mavbozo/yolo/zen-progen/contech/react-fun-ref/node_modules/@types 1 undefined Project: /dev/null/inferredProject1* WatchType: Type roots
Info 14   [20:17:21.710] Elapsed:: 2.2674999982118607ms DirectoryWatcher:: Triggered with /home/mavbozo/yolo/zen-progen/contech/react-fun-ref/node_modules/@types :: WatchInfo: /home/mavbozo/yolo/zen-progen/contech/react-fun-ref/node_modules/@types 1 undefined Project: /dev/null/inferredProject1* WatchType: Type roots
Info 15   [20:17:21.961] Starting updateGraphWorker: Project: /dev/null/inferredProject1*
Info 16   [20:17:21.967] Finishing updateGraphWorker: Project: /dev/null/inferredProject1* Version: 2 structureChanged: true structureIsReused:: Not Elapsed: 5.870199993252754ms
Info 17   [20:17:21.967] Project '/dev/null/inferredProject1*' (Inferred)
Info 18   [20:17:21.967] 	Files (0)

Info 19   [20:17:21.968] -----------------------------------------------
Info 20   [20:17:46.323] DirectoryWatcher:: Triggered with /home/mavbozo/yolo/zen-progen/contech/react-fun-ref/node_modules/@types :: WatchInfo: /home/mavbozo/yolo/zen-progen/contech/react-fun-ref/node_modules/@types 1 undefined Project: /dev/null/inferredProject1* WatchType: Type roots
Info 21   [20:17:46.323] Elapsed:: 0.29510000348091125ms DirectoryWatcher:: Triggered with /home/mavbozo/yolo/zen-progen/contech/react-fun-ref/node_modules/@types :: WatchInfo: /home/mavbozo/yolo/zen-progen/contech/react-fun-ref/node_modules/@types 1 undefined Project: /dev/null/inferredProject1* WatchType: Type roots
Info 22   [20:17:46.574] Starting updateGraphWorker: Project: /dev/null/inferredProject1*
Info 23   [20:17:46.581] Finishing updateGraphWorker: Project: /dev/null/inferredProject1* Version: 3 structureChanged: true structureIsReused:: SafeModules Elapsed: 6.4864000007510185ms
Info 24   [20:17:46.581] Different program with same set of files
Info 25   [20:17:48.634] DirectoryWatcher:: Triggered with /home/mavbozo/yolo/zen-progen/contech/react-fun-ref/node_modules/@types/eslint/rules/stylistic-issues.d.ts 0:: WatchInfo: /home/mavbozo/yolo/zen-progen/contech/react-fun-ref/node_modules/@types 1 undefined Project: /dev/null/inferredProject1* WatchType: Type roots
Info 26   [20:17:48.636] Elapsed:: 1.7268999963998795ms DirectoryWatcher:: Triggered with /home/mavbozo/yolo/zen-progen/contech/react-fun-ref/node_modules/@types/eslint/rules/stylistic-issues.d.ts 0:: WatchInfo: /home/mavbozo/yolo/zen-progen/contech/react-fun-ref/node_modules/@types 1 undefined Project: /dev/null/inferredProject1* WatchType: Type roots
Info 27   [20:17:48.636] DirectoryWatcher:: Triggered with /home/mavbozo/yolo/zen-progen/contech/react-fun-ref/node_modules/@types/eslint/rules/variables.d.ts 1:: WatchInfo: /home/mavbozo/yolo/zen-progen/contech/react-fun-ref/node_modules/@types 1 undefined Project: /dev/null/inferredProject1* WatchType: Type roots
Info 28   [20:17:48.636] Elapsed:: 0.4644000008702278ms DirectoryWatcher:: Triggered with /home/mavbozo/yolo/zen-progen/contech/react-fun-ref/node_modules/@types/eslint/rules/variables.d.ts 1:: WatchInfo: /home/mavbozo/yolo/zen-progen/contech/react-fun-ref/node_modules/@types 1 undefined Project: /dev/null/inferredProject1* WatchType: Type roots
Info 29   [20:17:48.637] DirectoryWatcher:: Triggered with /home/mavbozo/yolo/zen-progen/contech/react-fun-ref/node_modules/@types/node/child_process.d.ts 2:: WatchInfo: /home/mavbozo/yolo/zen-progen/contech/react-fun-ref/node_modules/@types 1 undefined Project: /dev/null/inferredProject1* WatchType: Type roots
Info 30   [20:17:48.637] Elapsed:: 0.5276999995112419ms DirectoryWatcher:: Triggered with /home/mavbozo/yolo/zen-progen/contech/react-fun-ref/node_modules/@types/node/child_process.d.ts 2:: WatchInfo: /home/mavbozo/yolo/zen-progen/contech/react-fun-ref/node_modules/@types 1 undefined Project: /dev/null/inferredProject1* WatchType: Type roots
Info 31   [20:17:48.888] Starting updateGraphWorker: Project: /dev/null/inferredProject1*
Info 32   [20:17:48.893] Finishing updateGraphWorker: Project: /dev/null/inferredProject1* Version: 4 structureChanged: true structureIsReused:: SafeModules Elapsed: 4.85979999601841ms
Info 33   [20:17:48.893] Different program with same set of files
Info 34   [20:17:51.000] DirectoryWatcher:: Triggered with /home/mavbozo/yolo/zen-progen/contech/react-fun-ref/node_modules/@types/node/cluster.d.ts 0:: WatchInfo: /home/mavbozo/yolo/zen-progen/contech/react-fun-ref/node_modules/@types 1 undefined Project: /dev/null/inferredProject1* WatchType: Type roots
Info 35   [20:17:51.001] Elapsed:: 0.3944999948143959ms DirectoryWatcher:: Triggered with /home/mavbozo/yolo/zen-progen/contech/react-fun-ref/node_modules/@types/node/cluster.d.ts 0:: WatchInfo: /home/mavbozo/yolo/zen-progen/contech/react-fun-ref/node_modules/@types 1 undefined Project: /dev/null/inferredProject1* WatchType: Type roots
Info 36   [20:17:51.001] DirectoryWatcher:: Triggered with /home/mavbozo/yolo/zen-progen/contech/react-fun-ref/node_modules/@types/node/console.d.ts 1:: WatchInfo: /home/mavbozo/yolo/zen-progen/contech/react-fun-ref/node_modules/@types 1 undefined Project: /dev/null/inferredProject1* WatchType: Type roots
Info 37   [20:17:51.002] Elapsed:: 0.34610000252723694ms DirectoryWatcher:: Triggered with /home/mavbozo/yolo/zen-progen/contech/react-fun-ref/node_modules/@types/node/console.d.ts 1:: WatchInfo: /home/mavbozo/yolo/zen-progen/contech/react-fun-ref/node_modules/@types 1 undefined Project: /dev/null/inferredProject1* WatchType: Type roots
Info 38   [20:17:51.002] DirectoryWatcher:: Triggered with /home/mavbozo/yolo/zen-progen/contech/react-fun-ref/node_modules/@types/node/constants.d.ts 2:: WatchInfo: /home/mavbozo/yolo/zen-progen/contech/react-fun-ref/node_modules/@types 1 undefined Project: /dev/null/inferredProject1* WatchType: Type roots
Info 39   [20:17:51.003] Elapsed:: 0.3661000058054924ms DirectoryWatcher:: Triggered with /home/mavbozo/yolo/zen-progen/contech/react-fun-ref/node_modules/@types/node/constants.d.ts 2:: WatchInfo: /home/mavbozo/yolo/zen-progen/contech/react-fun-ref/node_modules/@types 1 undefined Project: /dev/null/inferredProject1* WatchType: Type roots
Info 40   [20:17:51.004] DirectoryWatcher:: Triggered with /home/mavbozo/yolo/zen-progen/contech/react-fun-ref/node_modules/@types/node/crypto.d.ts 3:: WatchInfo: /home/mavbozo/yolo/zen-progen/contech/react-fun-ref/node_modules/@types 1 undefined Project: /dev/null/inferredProject1* WatchType: Type roots
Info 41   [20:17:51.004] Elapsed:: 0.5019000023603439ms DirectoryWatcher:: Triggered with /home/mavbozo/yolo/zen-progen/contech/react-fun-ref/node_modules/@types/node/crypto.d.ts 3:: WatchInfo: /home/mavbozo/yolo/zen-progen/contech/react-fun-ref/node_modules/@types 1 undefined Project: /dev/null/inferredProject1* WatchType: Type roots
Info 42   [20:17:51.255] Starting updateGraphWorker: Project: /dev/null/inferredProject1*
Info 43   [20:17:51.267] Finishing updateGraphWorker: Project: /dev/null/inferredProject1* Version: 5 structureChanged: true structureIsReused:: SafeModules Elapsed: 11.254000000655651ms
Info 44   [20:17:51.267] Different program with same set of files
Info 45   [20:18:01.199] DirectoryWatcher:: Triggered with /home/mavbozo/yolo/zen-progen/contech/react-fun-ref/node_modules/@types :: WatchInfo: /home/mavbozo/yolo/zen-progen/contech/react-fun-ref/node_modules/@types 1 undefined Project: /dev/null/inferredProject1* WatchType: Type roots
Info 46   [20:18:01.199] Elapsed:: 0.5115000009536743ms DirectoryWatcher:: Triggered with /home/mavbozo/yolo/zen-progen/contech/react-fun-ref/node_modules/@types :: WatchInfo: /home/mavbozo/yolo/zen-progen/contech/react-fun-ref/node_modules/@types 1 undefined Project: /dev/null/inferredProject1* WatchType: Type roots
Info 47   [20:18:01.450] Starting updateGraphWorker: Project: /dev/null/inferredProject1*
Info 48   [20:18:01.454] Finishing updateGraphWorker: Project: /dev/null/inferredProject1* Version: 6 structureChanged: true structureIsReused:: SafeModules Elapsed: 3.223300002515316ms
Info 49   [20:18:01.454] Different program with same set of files
Info 50   [20:18:20.480] FileWatcher:: Triggered with /home/mavbozo/yolo/zen-progen/contech/react-fun-ref/package.json 1:: WatchInfo: /home/mavbozo/yolo/zen-progen/contech/react-fun-ref/package.json 250 undefined WatchType: package.json file
Info 51   [20:18:20.482] Elapsed:: 1.4135999977588654ms FileWatcher:: Triggered with /home/mavbozo/yolo/zen-progen/contech/react-fun-ref/package.json 1:: WatchInfo: /home/mavbozo/yolo/zen-progen/contech/react-fun-ref/package.json 250 undefined WatchType: package.json file
Info 52   [20:18:20.482] FileWatcher:: Triggered with /home/mavbozo/yolo/zen-progen/contech/react-fun-ref/package.json 1:: WatchInfo: /home/mavbozo/yolo/zen-progen/contech/react-fun-ref/package.json 500 undefined WatchType: Closed Script info
Info 53   [20:18:20.484] Elapsed:: 1.399499997496605ms FileWatcher:: Triggered with /home/mavbozo/yolo/zen-progen/contech/react-fun-ref/package.json 1:: WatchInfo: /home/mavbozo/yolo/zen-progen/contech/react-fun-ref/package.json 500 undefined WatchType: Closed Script info
Info 54   [20:18:22.484] FileWatcher:: Triggered with /home/mavbozo/yolo/zen-progen/contech/react-fun-ref/package.json 1:: WatchInfo: /home/mavbozo/yolo/zen-progen/contech/react-fun-ref/package.json 250 undefined WatchType: package.json file
Info 55   [20:18:22.484] Elapsed:: 0.5772000029683113ms FileWatcher:: Triggered with /home/mavbozo/yolo/zen-progen/contech/react-fun-ref/package.json 1:: WatchInfo: /home/mavbozo/yolo/zen-progen/contech/react-fun-ref/package.json 250 undefined WatchType: package.json file
Info 56   [20:18:22.484] FileWatcher:: Triggered with /home/mavbozo/yolo/zen-progen/contech/react-fun-ref/package.json 1:: WatchInfo: /home/mavbozo/yolo/zen-progen/contech/react-fun-ref/package.json 500 undefined WatchType: Closed Script info
Info 57   [20:18:22.485] Elapsed:: 0.035599999129772186ms FileWatcher:: Triggered with /home/mavbozo/yolo/zen-progen/contech/react-fun-ref/package.json 1:: WatchInfo: /home/mavbozo/yolo/zen-progen/contech/react-fun-ref/package.json 500 undefined WatchType: Closed Script info
Info 58   [20:18:30.086] Starting updateGraphWorker: Project: /dev/null/inferredProject1*
Info 59   [20:18:47.738] Finishing updateGraphWorker: Project: /dev/null/inferredProject1* Version: 7 structureChanged: true structureIsReused:: Not Elapsed: 17651.51099999994ms
Info 60   [20:18:47.739] Project '/dev/null/inferredProject1*' (Inferred)
Info 61   [20:18:47.739] 	Files (2000)

Info 62   [20:18:47.739] -----------------------------------------------
Info 63   [20:18:47.766] DirectoryWatcher:: Triggered with /home/mavbozo/yolo/zen-progen/contech/react-fun-ref/node_modules/cra-template :: WatchInfo: /home/mavbozo/yolo/zen-progen/contech/react-fun-ref/node_modules 1 undefined WatchType: node_modules for closed script infos and package.jsons affecting module specifier cache
Info 64   [20:18:47.768] Elapsed:: 1.5445000007748604ms DirectoryWatcher:: Triggered with /home/mavbozo/yolo/zen-progen/contech/react-fun-ref/node_modules/cra-template :: WatchInfo: /home/mavbozo/yolo/zen-progen/contech/react-fun-ref/node_modules 1 undefined WatchType: node_modules for closed script infos and package.jsons affecting module specifier cache
Info 65   [20:18:47.768] DirectoryWatcher:: Triggered with /home/mavbozo/yolo/zen-progen/contech/react-fun-ref/node_modules/cra-template :: WatchInfo: /home/mavbozo/yolo/zen-progen/contech/react-fun-ref/node_modules 1 undefined Project: /dev/null/inferredProject1* WatchType: Failed Lookup Locations
Info 66   [20:18:47.768] Elapsed:: 0.15450000017881393ms DirectoryWatcher:: Triggered with /home/mavbozo/yolo/zen-progen/contech/react-fun-ref/node_modules/cra-template :: WatchInfo: /home/mavbozo/yolo/zen-progen/contech/react-fun-ref/node_modules 1 undefined Project: /dev/null/inferredProject1* WatchType: Failed Lookup Locations
Info 67   [20:18:47.769] FileWatcher:: Triggered with /home/mavbozo/yolo/zen-progen/contech/react-fun-ref/package.json 1:: WatchInfo: /home/mavbozo/yolo/zen-progen/contech/react-fun-ref/package.json 250 undefined WatchType: package.json file
Info 68   [20:18:47.770] Elapsed:: 0.34310000389814377ms FileWatcher:: Triggered with /home/mavbozo/yolo/zen-progen/contech/react-fun-ref/package.json 1:: WatchInfo: /home/mavbozo/yolo/zen-progen/contech/react-fun-ref/package.json 250 undefined WatchType: package.json file
Info 69   [20:18:47.770] FileWatcher:: Triggered with /home/mavbozo/yolo/zen-progen/contech/react-fun-ref/package.json 1:: WatchInfo: /home/mavbozo/yolo/zen-progen/contech/react-fun-ref/package.json 500 undefined WatchType: Closed Script info
Info 70   [20:18:47.770] Elapsed:: 0.02929999679327011ms FileWatcher:: Triggered with /home/mavbozo/yolo/zen-progen/contech/react-fun-ref/package.json 1:: WatchInfo: /home/mavbozo/yolo/zen-progen/contech/react-fun-ref/package.json 500 undefined WatchType: Closed Script info
Info 71   [20:18:48.901] DirectoryWatcher:: Triggered with /home/mavbozo/yolo/zen-progen/contech/react-fun-ref/node_modules/@types :: WatchInfo: /home/mavbozo/yolo/zen-progen/contech/react-fun-ref/node_modules/@types 1 undefined Project: /dev/null/inferredProject1* WatchType: Type roots
Info 72   [20:18:48.903] Elapsed:: 0.46320000290870667ms DirectoryWatcher:: Triggered with /home/mavbozo/yolo/zen-progen/contech/react-fun-ref/node_modules/@types :: WatchInfo: /home/mavbozo/yolo/zen-progen/contech/react-fun-ref/node_modules/@types 1 undefined Project: /dev/null/inferredProject1* WatchType: Type roots
Info 73   [20:18:48.903] DirectoryWatcher:: Triggered with /home/mavbozo/yolo/zen-progen/contech/react-fun-ref/node_modules :: WatchInfo: /home/mavbozo/yolo/zen-progen/contech/react-fun-ref/node_modules 1 undefined WatchType: node_modules for closed script infos and package.jsons affecting module specifier cache
Info 74   [20:18:48.922] Elapsed:: 18.76070000231266ms DirectoryWatcher:: Triggered with /home/mavbozo/yolo/zen-progen/contech/react-fun-ref/node_modules :: WatchInfo: /home/mavbozo/yolo/zen-progen/contech/react-fun-ref/node_modules 1 undefined WatchType: node_modules for closed script infos and package.jsons affecting module specifier cache
Info 75   [20:18:48.922] DirectoryWatcher:: Triggered with /home/mavbozo/yolo/zen-progen/contech/react-fun-ref/node_modules :: WatchInfo: /home/mavbozo/yolo/zen-progen/contech/react-fun-ref/node_modules 1 undefined Project: /dev/null/inferredProject1* WatchType: Failed Lookup Locations
Info 76   [20:18:48.923] Elapsed:: 0.3711000010371208ms DirectoryWatcher:: Triggered with /home/mavbozo/yolo/zen-progen/contech/react-fun-ref/node_modules :: WatchInfo: /home/mavbozo/yolo/zen-progen/contech/react-fun-ref/node_modules 1 undefined Project: /dev/null/inferredProject1* WatchType: Failed Lookup Locations
Info 77   [20:18:49.194] Starting updateGraphWorker: Project: /dev/null/inferredProject1*
